2025-01-27 11:00:55,828 - DEBUG - Judge script started
2025-01-27 11:00:55,832 - DEBUG - Processing submission: /mnt/c/Users/Fernando/Desktop/UMNPC/test website/newOJ/code/admin/1/HansenAndTheLoliLand_2025-01-27_05-00-54.cpp for problem 1
2025-01-27 11:00:55,857 - DEBUG - Starting compilation of /mnt/c/Users/Fernando/Desktop/UMNPC/test website/newOJ/code/admin/1/HansenAndTheLoliLand_2025-01-27_05-00-54.cpp
2025-01-27 11:00:55,857 - DEBUG - Running compilation command: g++ -Wall -O2 -std=c++17 /mnt/c/Users/Fernando/Desktop/UMNPC/test website/newOJ/code/admin/1/HansenAndTheLoliLand_2025-01-27_05-00-54.cpp -o /mnt/c/Users/Fernando/Desktop/UMNPC/test website/newOJ/code/admin/1/a.out
2025-01-27 11:00:55,858 - DEBUG - Working directory: /mnt/c/Users/Fernando/Desktop/UMNPC/test website/newOJ/code/admin/1
2025-01-27 11:01:00,465 - DEBUG - Compilation successful, output at: /mnt/c/Users/Fernando/Desktop/UMNPC/test website/newOJ/code/admin/1/a.out
2025-01-27 11:01:00,466 - DEBUG - Starting solution execution with executable: /mnt/c/Users/Fernando/Desktop/UMNPC/test website/newOJ/code/admin/1/a.out
2025-01-27 11:01:01,958 - DEBUG - Execution completed in 1.492 seconds
2025-01-27 11:01:01,959 - DEBUG - Comparing output files
2025-01-27 11:01:01,974 - DEBUG - Number of lines in output: 100
2025-01-27 11:01:01,974 - DEBUG - Number of lines in expected: 100
2025-01-27 11:01:01,975 - DEBUG - Processed output:
2025-01-27 11:01:01,975 - DEBUG - Output line 1: 'Case #1: 254064308'
2025-01-27 11:01:01,976 - DEBUG - Output line 2: 'Case #2: 138931038'
2025-01-27 11:01:01,976 - DEBUG - Output line 3: 'Case #3: 158442610'
2025-01-27 11:01:01,976 - DEBUG - Output line 4: 'Case #4: 158925738'
2025-01-27 11:01:01,977 - DEBUG - Output line 5: 'Case #5: 99262710'
2025-01-27 11:01:01,977 - DEBUG - Output line 6: 'Case #6: 133262549'
2025-01-27 11:01:01,977 - DEBUG - Output line 7: 'Case #7: 43326746'
2025-01-27 11:01:01,978 - DEBUG - Output line 8: 'Case #8: 35798997'
2025-01-27 11:01:01,978 - DEBUG - Output line 9: 'Case #9: 19990130'
2025-01-27 11:01:01,978 - DEBUG - Output line 10: 'Case #10: 40087660'
2025-01-27 11:01:01,979 - DEBUG - Output line 11: 'Case #11: 39739879'
2025-01-27 11:01:01,979 - DEBUG - Output line 12: 'Case #12: 6019168'
2025-01-27 11:01:01,979 - DEBUG - Output line 13: 'Case #13: 45295517'
2025-01-27 11:01:01,980 - DEBUG - Output line 14: 'Case #14: 38306645'
2025-01-27 11:01:01,980 - DEBUG - Output line 15: 'Case #15: 42936925'
2025-01-27 11:01:01,981 - DEBUG - Output line 16: 'Case #16: 32939200'
2025-01-27 11:01:01,982 - DEBUG - Output line 17: 'Case #17: 33871004'
2025-01-27 11:01:01,982 - DEBUG - Output line 18: 'Case #18: 33310116'
2025-01-27 11:01:01,983 - DEBUG - Output line 19: 'Case #19: 16701150'
2025-01-27 11:01:01,984 - DEBUG - Output line 20: 'Case #20: 28611420'
2025-01-27 11:01:01,984 - DEBUG - Output line 21: 'Case #21: 21445520'
2025-01-27 11:01:01,985 - DEBUG - Output line 22: 'Case #22: 11444354'
2025-01-27 11:01:01,985 - DEBUG - Output line 23: 'Case #23: 12189905'
2025-01-27 11:01:01,986 - DEBUG - Output line 24: 'Case #24: 4406545'
2025-01-27 11:01:01,986 - DEBUG - Output line 25: 'Case #25: 21752171'
2025-01-27 11:01:01,986 - DEBUG - Output line 26: 'Case #26: 13777966'
2025-01-27 11:01:01,987 - DEBUG - Output line 27: 'Case #27: 11724108'
2025-01-27 11:01:01,987 - DEBUG - Output line 28: 'Case #28: 8043362'
2025-01-27 11:01:01,988 - DEBUG - Output line 29: 'Case #29: 9304569'
2025-01-27 11:01:01,988 - DEBUG - Output line 30: 'Case #30: 10346177'
2025-01-27 11:01:01,988 - DEBUG - Output line 31: 'Case #31: 23588254'
2025-01-27 11:01:01,989 - DEBUG - Output line 32: 'Case #32: 22046893'
2025-01-27 11:01:01,989 - DEBUG - Output line 33: 'Case #33: 17483431'
2025-01-27 11:01:01,989 - DEBUG - Output line 34: 'Case #34: 19970506'
2025-01-27 11:01:01,990 - DEBUG - Output line 35: 'Case #35: 6818530'
2025-01-27 11:01:01,990 - DEBUG - Output line 36: 'Case #36: 4921148'
2025-01-27 11:01:01,990 - DEBUG - Output line 37: 'Case #37: 16282560'
2025-01-27 11:01:01,991 - DEBUG - Output line 38: 'Case #38: 3607520'
2025-01-27 11:01:01,991 - DEBUG - Output line 39: 'Case #39: 9793336'
2025-01-27 11:01:01,991 - DEBUG - Output line 40: 'Case #40: 5855459'
2025-01-27 11:01:01,992 - DEBUG - Output line 41: 'Case #41: 10174302'
2025-01-27 11:01:01,992 - DEBUG - Output line 42: 'Case #42: 12922082'
2025-01-27 11:01:01,992 - DEBUG - Output line 43: 'Case #43: 16154892'
2025-01-27 11:01:01,993 - DEBUG - Output line 44: 'Case #44: 4789714'
2025-01-27 11:01:01,993 - DEBUG - Output line 45: 'Case #45: 6761728'
2025-01-27 11:01:01,993 - DEBUG - Output line 46: 'Case #46: 13786980'
2025-01-27 11:01:01,994 - DEBUG - Output line 47: 'Case #47: 13520151'
2025-01-27 11:01:01,994 - DEBUG - Output line 48: 'Case #48: 4238830'
2025-01-27 11:01:01,994 - DEBUG - Output line 49: 'Case #49: 13468245'
2025-01-27 11:01:01,995 - DEBUG - Output line 50: 'Case #50: 15022195'
2025-01-27 11:01:01,995 - DEBUG - Output line 51: 'Case #51: 12510727'
2025-01-27 11:01:01,996 - DEBUG - Output line 52: 'Case #52: 2090125'
2025-01-27 11:01:01,996 - DEBUG - Output line 53: 'Case #53: 4302553'
2025-01-27 11:01:01,996 - DEBUG - Output line 54: 'Case #54: 2856416'
2025-01-27 11:01:01,997 - DEBUG - Output line 55: 'Case #55: 9047865'
2025-01-27 11:01:01,998 - DEBUG - Output line 56: 'Case #56: 3281021'
2025-01-27 11:01:01,998 - DEBUG - Output line 57: 'Case #57: 9976501'
2025-01-27 11:01:01,999 - DEBUG - Output line 58: 'Case #58: 15914467'
2025-01-27 11:01:01,999 - DEBUG - Output line 59: 'Case #59: 13175154'
2025-01-27 11:01:02,000 - DEBUG - Output line 60: 'Case #60: 5979838'
2025-01-27 11:01:02,000 - DEBUG - Output line 61: 'Case #61: 5967553'
2025-01-27 11:01:02,001 - DEBUG - Output line 62: 'Case #62: 8488507'
2025-01-27 11:01:02,001 - DEBUG - Output line 63: 'Case #63: 3361455'
2025-01-27 11:01:02,002 - DEBUG - Output line 64: 'Case #64: 9975271'
2025-01-27 11:01:02,002 - DEBUG - Output line 65: 'Case #65: 1384412'
2025-01-27 11:01:02,003 - DEBUG - Output line 66: 'Case #66: 1652642'
2025-01-27 11:01:02,003 - DEBUG - Output line 67: 'Case #67: 7303180'
2025-01-27 11:01:02,004 - DEBUG - Output line 68: 'Case #68: 9313591'
2025-01-27 11:01:02,005 - DEBUG - Output line 69: 'Case #69: 7563710'
2025-01-27 11:01:02,005 - DEBUG - Output line 70: 'Case #70: 7157674'
2025-01-27 11:01:02,006 - DEBUG - Output line 71: 'Case #71: 2670769'
2025-01-27 11:01:02,007 - DEBUG - Output line 72: 'Case #72: 5171065'
2025-01-27 11:01:02,007 - DEBUG - Output line 73: 'Case #73: 4061933'
2025-01-27 11:01:02,007 - DEBUG - Output line 74: 'Case #74: 0'
2025-01-27 11:01:02,008 - DEBUG - Output line 75: 'Case #75: 5783330'
2025-01-27 11:01:02,008 - DEBUG - Output line 76: 'Case #76: 7120102'
2025-01-27 11:01:02,008 - DEBUG - Output line 77: 'Case #77: 6467769'
2025-01-27 11:01:02,009 - DEBUG - Output line 78: 'Case #78: 1957086'
2025-01-27 11:01:02,009 - DEBUG - Output line 79: 'Case #79: 8305194'
2025-01-27 11:01:02,010 - DEBUG - Output line 80: 'Case #80: 7484663'
2025-01-27 11:01:02,010 - DEBUG - Output line 81: 'Case #81: 8317907'
2025-01-27 11:01:02,010 - DEBUG - Output line 82: 'Case #82: 4517317'
2025-01-27 11:01:02,011 - DEBUG - Output line 83: 'Case #83: 9463412'
2025-01-27 11:01:02,011 - DEBUG - Output line 84: 'Case #84: 3902914'
2025-01-27 11:01:02,011 - DEBUG - Output line 85: 'Case #85: 4139835'
2025-01-27 11:01:02,012 - DEBUG - Output line 86: 'Case #86: 5119253'
2025-01-27 11:01:02,012 - DEBUG - Output line 87: 'Case #87: 3176892'
2025-01-27 11:01:02,012 - DEBUG - Output line 88: 'Case #88: 1430276'
2025-01-27 11:01:02,013 - DEBUG - Output line 89: 'Case #89: 4427433'
2025-01-27 11:01:02,013 - DEBUG - Output line 90: 'Case #90: 5336176'
2025-01-27 11:01:02,014 - DEBUG - Output line 91: 'Case #91: 6457375'
2025-01-27 11:01:02,014 - DEBUG - Output line 92: 'Case #92: 3044750'
2025-01-27 11:01:02,015 - DEBUG - Output line 93: 'Case #93: 1845514'
2025-01-27 11:01:02,016 - DEBUG - Output line 94: 'Case #94: 3770521'
2025-01-27 11:01:02,016 - DEBUG - Output line 95: 'Case #95: 7866244'
2025-01-27 11:01:02,017 - DEBUG - Output line 96: 'Case #96: 3839984'
2025-01-27 11:01:02,017 - DEBUG - Output line 97: 'Case #97: 1871706'
2025-01-27 11:01:02,018 - DEBUG - Output line 98: 'Case #98: 3555490'
2025-01-27 11:01:02,018 - DEBUG - Output line 99: 'Case #99: 4235091'
2025-01-27 11:01:02,019 - DEBUG - Output line 100: 'Case #100: 1983974'
2025-01-27 11:01:02,019 - DEBUG - Expected output:
2025-01-27 11:01:02,019 - DEBUG - Expected line 1: 'Case #1: 254064308'
2025-01-27 11:01:02,020 - DEBUG - Expected line 2: 'Case #2: 138931038'
2025-01-27 11:01:02,020 - DEBUG - Expected line 3: 'Case #3: 158442610'
2025-01-27 11:01:02,020 - DEBUG - Expected line 4: 'Case #4: 158925738'
2025-01-27 11:01:02,021 - DEBUG - Expected line 5: 'Case #5: 99262710'
2025-01-27 11:01:02,021 - DEBUG - Expected line 6: 'Case #6: 133262549'
2025-01-27 11:01:02,022 - DEBUG - Expected line 7: 'Case #7: 43326746'
2025-01-27 11:01:02,022 - DEBUG - Expected line 8: 'Case #8: 35798997'
2025-01-27 11:01:02,022 - DEBUG - Expected line 9: 'Case #9: 19990130'
2025-01-27 11:01:02,022 - DEBUG - Expected line 10: 'Case #10: 40087660'
2025-01-27 11:01:02,023 - DEBUG - Expected line 11: 'Case #11: 39739879'
2025-01-27 11:01:02,023 - DEBUG - Expected line 12: 'Case #12: 6019168'
2025-01-27 11:01:02,023 - DEBUG - Expected line 13: 'Case #13: 45295517'
2025-01-27 11:01:02,024 - DEBUG - Expected line 14: 'Case #14: 38306645'
2025-01-27 11:01:02,024 - DEBUG - Expected line 15: 'Case #15: 42936925'
2025-01-27 11:01:02,024 - DEBUG - Expected line 16: 'Case #16: 32939200'
2025-01-27 11:01:02,025 - DEBUG - Expected line 17: 'Case #17: 33871004'
2025-01-27 11:01:02,025 - DEBUG - Expected line 18: 'Case #18: 33310116'
2025-01-27 11:01:02,026 - DEBUG - Expected line 19: 'Case #19: 16701150'
2025-01-27 11:01:02,026 - DEBUG - Expected line 20: 'Case #20: 28611420'
2025-01-27 11:01:02,027 - DEBUG - Expected line 21: 'Case #21: 21445520'
2025-01-27 11:01:02,027 - DEBUG - Expected line 22: 'Case #22: 11444354'
2025-01-27 11:01:02,027 - DEBUG - Expected line 23: 'Case #23: 12189905'
2025-01-27 11:01:02,028 - DEBUG - Expected line 24: 'Case #24: 4406545'
2025-01-27 11:01:02,028 - DEBUG - Expected line 25: 'Case #25: 21752171'
2025-01-27 11:01:02,029 - DEBUG - Expected line 26: 'Case #26: 13777966'
2025-01-27 11:01:02,029 - DEBUG - Expected line 27: 'Case #27: 11724108'
2025-01-27 11:01:02,030 - DEBUG - Expected line 28: 'Case #28: 8043362'
2025-01-27 11:01:02,030 - DEBUG - Expected line 29: 'Case #29: 9304569'
2025-01-27 11:01:02,031 - DEBUG - Expected line 30: 'Case #30: 10346177'
2025-01-27 11:01:02,031 - DEBUG - Expected line 31: 'Case #31: 23588254'
2025-01-27 11:01:02,032 - DEBUG - Expected line 32: 'Case #32: 22046893'
2025-01-27 11:01:02,033 - DEBUG - Expected line 33: 'Case #33: 17483431'
2025-01-27 11:01:02,033 - DEBUG - Expected line 34: 'Case #34: 19970506'
2025-01-27 11:01:02,034 - DEBUG - Expected line 35: 'Case #35: 6818530'
2025-01-27 11:01:02,034 - DEBUG - Expected line 36: 'Case #36: 4921148'
2025-01-27 11:01:02,035 - DEBUG - Expected line 37: 'Case #37: 16282560'
2025-01-27 11:01:02,035 - DEBUG - Expected line 38: 'Case #38: 3607520'
2025-01-27 11:01:02,036 - DEBUG - Expected line 39: 'Case #39: 9793336'
2025-01-27 11:01:02,036 - DEBUG - Expected line 40: 'Case #40: 5855459'
2025-01-27 11:01:02,037 - DEBUG - Expected line 41: 'Case #41: 10174302'
2025-01-27 11:01:02,037 - DEBUG - Expected line 42: 'Case #42: 12922082'
2025-01-27 11:01:02,038 - DEBUG - Expected line 43: 'Case #43: 16154892'
2025-01-27 11:01:02,038 - DEBUG - Expected line 44: 'Case #44: 4789714'
2025-01-27 11:01:02,038 - DEBUG - Expected line 45: 'Case #45: 6761728'
2025-01-27 11:01:02,039 - DEBUG - Expected line 46: 'Case #46: 13786980'
2025-01-27 11:01:02,039 - DEBUG - Expected line 47: 'Case #47: 13520151'
2025-01-27 11:01:02,039 - DEBUG - Expected line 48: 'Case #48: 4238830'
2025-01-27 11:01:02,040 - DEBUG - Expected line 49: 'Case #49: 13468245'
2025-01-27 11:01:02,040 - DEBUG - Expected line 50: 'Case #50: 15022195'
2025-01-27 11:01:02,040 - DEBUG - Expected line 51: 'Case #51: 12510727'
2025-01-27 11:01:02,041 - DEBUG - Expected line 52: 'Case #52: 2090125'
2025-01-27 11:01:02,041 - DEBUG - Expected line 53: 'Case #53: 4302553'
2025-01-27 11:01:02,042 - DEBUG - Expected line 54: 'Case #54: 2856416'
2025-01-27 11:01:02,042 - DEBUG - Expected line 55: 'Case #55: 9047865'
2025-01-27 11:01:02,043 - DEBUG - Expected line 56: 'Case #56: 3281021'
2025-01-27 11:01:02,043 - DEBUG - Expected line 57: 'Case #57: 9976501'
2025-01-27 11:01:02,044 - DEBUG - Expected line 58: 'Case #58: 15914467'
2025-01-27 11:01:02,044 - DEBUG - Expected line 59: 'Case #59: 13175154'
2025-01-27 11:01:02,045 - DEBUG - Expected line 60: 'Case #60: 5979838'
2025-01-27 11:01:02,045 - DEBUG - Expected line 61: 'Case #61: 5967553'
2025-01-27 11:01:02,046 - DEBUG - Expected line 62: 'Case #62: 8488507'
2025-01-27 11:01:02,046 - DEBUG - Expected line 63: 'Case #63: 3361455'
2025-01-27 11:01:02,046 - DEBUG - Expected line 64: 'Case #64: 9975271'
2025-01-27 11:01:02,047 - DEBUG - Expected line 65: 'Case #65: 1384412'
2025-01-27 11:01:02,048 - DEBUG - Expected line 66: 'Case #66: 1652642'
2025-01-27 11:01:02,048 - DEBUG - Expected line 67: 'Case #67: 7303180'
2025-01-27 11:01:02,049 - DEBUG - Expected line 68: 'Case #68: 9313591'
2025-01-27 11:01:02,050 - DEBUG - Expected line 69: 'Case #69: 7563710'
2025-01-27 11:01:02,050 - DEBUG - Expected line 70: 'Case #70: 7157674'
2025-01-27 11:01:02,051 - DEBUG - Expected line 71: 'Case #71: 2670769'
2025-01-27 11:01:02,051 - DEBUG - Expected line 72: 'Case #72: 5171065'
2025-01-27 11:01:02,052 - DEBUG - Expected line 73: 'Case #73: 4061933'
2025-01-27 11:01:02,052 - DEBUG - Expected line 74: 'Case #74: 0'
2025-01-27 11:01:02,052 - DEBUG - Expected line 75: 'Case #75: 5783330'
2025-01-27 11:01:02,053 - DEBUG - Expected line 76: 'Case #76: 7120102'
2025-01-27 11:01:02,053 - DEBUG - Expected line 77: 'Case #77: 6467769'
2025-01-27 11:01:02,053 - DEBUG - Expected line 78: 'Case #78: 1957086'
2025-01-27 11:01:02,054 - DEBUG - Expected line 79: 'Case #79: 8305194'
2025-01-27 11:01:02,054 - DEBUG - Expected line 80: 'Case #80: 7484663'
2025-01-27 11:01:02,055 - DEBUG - Expected line 81: 'Case #81: 8317907'
2025-01-27 11:01:02,055 - DEBUG - Expected line 82: 'Case #82: 4517317'
2025-01-27 11:01:02,055 - DEBUG - Expected line 83: 'Case #83: 9463412'
2025-01-27 11:01:02,056 - DEBUG - Expected line 84: 'Case #84: 3902914'
2025-01-27 11:01:02,057 - DEBUG - Expected line 85: 'Case #85: 4139835'
2025-01-27 11:01:02,057 - DEBUG - Expected line 86: 'Case #86: 5119253'
2025-01-27 11:01:02,057 - DEBUG - Expected line 87: 'Case #87: 3176892'
2025-01-27 11:01:02,058 - DEBUG - Expected line 88: 'Case #88: 1430276'
2025-01-27 11:01:02,058 - DEBUG - Expected line 89: 'Case #89: 4427433'
2025-01-27 11:01:02,058 - DEBUG - Expected line 90: 'Case #90: 5336176'
2025-01-27 11:01:02,059 - DEBUG - Expected line 91: 'Case #91: 6457375'
2025-01-27 11:01:02,059 - DEBUG - Expected line 92: 'Case #92: 3044750'
2025-01-27 11:01:02,059 - DEBUG - Expected line 93: 'Case #93: 1845514'
2025-01-27 11:01:02,060 - DEBUG - Expected line 94: 'Case #94: 3770521'
2025-01-27 11:01:02,060 - DEBUG - Expected line 95: 'Case #95: 7866244'
2025-01-27 11:01:02,060 - DEBUG - Expected line 96: 'Case #96: 3839984'
2025-01-27 11:01:02,061 - DEBUG - Expected line 97: 'Case #97: 1871706'
2025-01-27 11:01:02,061 - DEBUG - Expected line 98: 'Case #98: 3555490'
2025-01-27 11:01:02,061 - DEBUG - Expected line 99: 'Case #99: 4235091'
2025-01-27 11:01:02,062 - DEBUG - Expected line 100: 'Case #100: 1983974'
2025-01-27 11:01:02,062 - DEBUG - Output matches expected result!
